2018-12-11 20:39:27,268 [myid:] - INFO  [main:QuorumPeerConfig@136] - Reading configuration from: /Users/chengzhenyu/Working/ZK/zookeeper3/bin/../conf/zoo.cfg
2018-12-11 20:39:27,276 [myid:] - INFO  [main:QuorumPeer$QuorumServer@184] - Resolved hostname: 127.0.0.1 to address: /127.0.0.1
2018-12-11 20:39:27,277 [myid:] - INFO  [main:QuorumPeer$QuorumServer@184] - Resolved hostname: 127.0.0.1 to address: /127.0.0.1
2018-12-11 20:39:27,277 [myid:] - INFO  [main:QuorumPeer$QuorumServer@184] - Resolved hostname: 127.0.0.1 to address: /127.0.0.1
2018-12-11 20:39:27,277 [myid:] - INFO  [main:QuorumPeerConfig@398] - Defaulting to majority quorums
2018-12-11 20:39:27,281 [myid:3] - INFO  [main:DatadirCleanupManager@78] - autopurge.snapRetainCount set to 3
2018-12-11 20:39:27,281 [myid:3] - INFO  [main:DatadirCleanupManager@79] - autopurge.purgeInterval set to 0
2018-12-11 20:39:27,281 [myid:3] - INFO  [main:DatadirCleanupManager@101] - Purge task is not scheduled.
2018-12-11 20:39:27,289 [myid:3] - INFO  [main:QuorumPeerMain@130] - Starting quorum peer
2018-12-11 20:39:27,296 [myid:3] - INFO  [main:ServerCnxnFactory@117] - Using org.apache.zookeeper.server.NIOServerCnxnFactory as server connection factory
2018-12-11 20:39:27,302 [myid:3] - INFO  [main:NIOServerCnxnFactory@89] - binding to port 0.0.0.0/0.0.0.0:2183
2018-12-11 20:39:27,310 [myid:3] - INFO  [main:QuorumPeer@1158] - tickTime set to 2000
2018-12-11 20:39:27,310 [myid:3] - INFO  [main:QuorumPeer@1204] - initLimit set to 10
2018-12-11 20:39:27,310 [myid:3] - INFO  [main:QuorumPeer@1178] - minSessionTimeout set to -1
2018-12-11 20:39:27,310 [myid:3] - INFO  [main:QuorumPeer@1189] - maxSessionTimeout set to -1
2018-12-11 20:39:27,315 [myid:3] - INFO  [main:QuorumPeer@1467] - QuorumPeer communication is not secured!
2018-12-11 20:39:27,315 [myid:3] - INFO  [main:QuorumPeer@1496] - quorum.cnxn.threads.size set to 20
2018-12-11 20:39:27,321 [myid:3] - INFO  [ListenerThread:QuorumCnxManager$Listener@736] - My election bind port: /127.0.0.1:4445
2018-12-11 20:39:27,327 [myid:3] - INFO  [QuorumPeer[myid=3]/0:0:0:0:0:0:0:0:2183:QuorumPeer@909] - LOOKING
2018-12-11 20:39:27,328 [myid:3] - INFO  [QuorumPeer[myid=3]/0:0:0:0:0:0:0:0:2183:FastLeaderElection@813] - New election. My id =  3, proposed zxid=0x0
2018-12-11 20:39:27,334 [myid:3] - INFO  [WorkerReceiver[myid=3]:FastLeaderElection@595] - Notification: 1 (message format version), 3 (n.leader), 0x0 (n.zxid), 0x1 (n.round), LOOKING (n.state), 3 (n.sid), 0x5 (n.peerEpoch) LOOKING (my state)
2018-12-11 20:39:27,335 [myid:3] - INFO  [WorkerReceiver[myid=3]:FastLeaderElection@595] - Notification: 1 (message format version), 1 (n.leader), 0x100000000 (n.zxid), 0x1 (n.round), LOOKING (n.state), 1 (n.sid), 0x5 (n.peerEpoch) LOOKING (my state)
2018-12-11 20:39:27,335 [myid:3] - INFO  [WorkerReceiver[myid=3]:FastLeaderElection@595] - Notification: 1 (message format version), 1 (n.leader), 0x100000000 (n.zxid), 0x1 (n.round), LEADING (n.state), 1 (n.sid), 0x6 (n.peerEpoch) LOOKING (my state)
2018-12-11 20:39:27,335 [myid:3] - INFO  [WorkerReceiver[myid=3]:FastLeaderElection@595] - Notification: 1 (message format version), 1 (n.leader), 0x100000000 (n.zxid), 0x1 (n.round), LOOKING (n.state), 2 (n.sid), 0x5 (n.peerEpoch) LOOKING (my state)
2018-12-11 20:39:27,335 [myid:3] - INFO  [WorkerReceiver[myid=3]:FastLeaderElection@595] - Notification: 1 (message format version), 1 (n.leader), 0x100000000 (n.zxid), 0x1 (n.round), FOLLOWING (n.state), 2 (n.sid), 0x6 (n.peerEpoch) LOOKING (my state)
2018-12-11 20:39:27,335 [myid:3] - INFO  [WorkerReceiver[myid=3]:FastLeaderElection@595] - Notification: 1 (message format version), 1 (n.leader), 0x100000000 (n.zxid), 0x1 (n.round), LOOKING (n.state), 3 (n.sid), 0x5 (n.peerEpoch) LOOKING (my state)
2018-12-11 20:39:27,335 [myid:3] - INFO  [WorkerReceiver[myid=3]:FastLeaderElection@595] - Notification: 1 (message format version), 3 (n.leader), 0x0 (n.zxid), 0xffffffffffffffff (n.round), FOLLOWING (n.state), 3 (n.sid), 0x5 (n.peerEpoch) FOLLOWING (my state)
2018-12-11 20:39:27,335 [myid:3] - INFO  [QuorumPeer[myid=3]/0:0:0:0:0:0:0:0:2183:QuorumPeer@979] - FOLLOWING
2018-12-11 20:39:27,335 [myid:3] - INFO  [WorkerReceiver[myid=3]:FastLeaderElection@595] - Notification: 1 (message format version), 1 (n.leader), 0x100000000 (n.zxid), 0x1 (n.round), LEADING (n.state), 1 (n.sid), 0x6 (n.peerEpoch) FOLLOWING (my state)
2018-12-11 20:39:27,336 [myid:3] - INFO  [WorkerReceiver[myid=3]:FastLeaderElection@595] - Notification: 1 (message format version), 1 (n.leader), 0x100000000 (n.zxid), 0x1 (n.round), FOLLOWING (n.state), 2 (n.sid), 0x6 (n.peerEpoch) FOLLOWING (my state)
2018-12-11 20:39:27,338 [myid:3] - INFO  [QuorumPeer[myid=3]/0:0:0:0:0:0:0:0:2183:Learner@86] - TCP NoDelay set to: true
2018-12-11 20:39:27,343 [myid:3] - INFO  [QuorumPeer[myid=3]/0:0:0:0:0:0:0:0:2183:Environment@100] - Server environment:zookeeper.version=3.4.13-2d71af4dbe22557fda74f9a9b4309b15a7487f03, built on 06/29/2018 04:05 GMT
2018-12-11 20:39:27,343 [myid:3] - INFO  [QuorumPeer[myid=3]/0:0:0:0:0:0:0:0:2183:Environment@100] - Server environment:host.name=10.242.114.223
2018-12-11 20:39:27,343 [myid:3] - INFO  [QuorumPeer[myid=3]/0:0:0:0:0:0:0:0:2183:Environment@100] - Server environment:java.version=10.0.2
2018-12-11 20:39:27,343 [myid:3] - INFO  [QuorumPeer[myid=3]/0:0:0:0:0:0:0:0:2183:Environment@100] - Server environment:java.vendor=Oracle Corporation
2018-12-11 20:39:27,343 [myid:3] - INFO  [QuorumPeer[myid=3]/0:0:0:0:0:0:0:0:2183:Environment@100] - Server environment:java.home=/Library/Java/JavaVirtualMachines/jdk-10.0.2.jdk/Contents/Home
2018-12-11 20:39:27,343 [myid:3] - INFO  [QuorumPeer[myid=3]/0:0:0:0:0:0:0:0:2183:Environment@100] - Server environment:java.class.path=/Users/chengzhenyu/Working/ZK/zookeeper3/bin/../build/classes:/Users/chengzhenyu/Working/ZK/zookeeper3/bin/../build/lib/*.jar:/Users/chengzhenyu/Working/ZK/zookeeper3/bin/../lib/slf4j-log4j12-1.7.25.jar:/Users/chengzhenyu/Working/ZK/zookeeper3/bin/../lib/slf4j-api-1.7.25.jar:/Users/chengzhenyu/Working/ZK/zookeeper3/bin/../lib/netty-3.10.6.Final.jar:/Users/chengzhenyu/Working/ZK/zookeeper3/bin/../lib/log4j-1.2.17.jar:/Users/chengzhenyu/Working/ZK/zookeeper3/bin/../lib/jline-0.9.94.jar:/Users/chengzhenyu/Working/ZK/zookeeper3/bin/../lib/audience-annotations-0.5.0.jar:/Users/chengzhenyu/Working/ZK/zookeeper3/bin/../zookeeper-3.4.13.jar:/Users/chengzhenyu/Working/ZK/zookeeper3/bin/../src/java/lib/*.jar:/Users/chengzhenyu/Working/ZK/zookeeper3/bin/../conf:
2018-12-11 20:39:27,343 [myid:3] - INFO  [QuorumPeer[myid=3]/0:0:0:0:0:0:0:0:2183:Environment@100] - Server environment:java.library.path=/Users/chengzhenyu/Library/Java/Extensions:/Library/Java/Extensions:/Network/Library/Java/Extensions:/System/Library/Java/Extensions:/usr/lib/java:.
2018-12-11 20:39:27,343 [myid:3] - INFO  [QuorumPeer[myid=3]/0:0:0:0:0:0:0:0:2183:Environment@100] - Server environment:java.io.tmpdir=/var/folders/5g/ylyj_tzs3jj3wczkgb3f4lvc0000gn/T/
2018-12-11 20:39:27,343 [myid:3] - INFO  [QuorumPeer[myid=3]/0:0:0:0:0:0:0:0:2183:Environment@100] - Server environment:java.compiler=<NA>
2018-12-11 20:39:27,344 [myid:3] - INFO  [QuorumPeer[myid=3]/0:0:0:0:0:0:0:0:2183:Environment@100] - Server environment:os.name=Mac OS X
2018-12-11 20:39:27,344 [myid:3] - INFO  [QuorumPeer[myid=3]/0:0:0:0:0:0:0:0:2183:Environment@100] - Server environment:os.arch=x86_64
2018-12-11 20:39:27,344 [myid:3] - INFO  [QuorumPeer[myid=3]/0:0:0:0:0:0:0:0:2183:Environment@100] - Server environment:os.version=10.14
2018-12-11 20:39:27,344 [myid:3] - INFO  [QuorumPeer[myid=3]/0:0:0:0:0:0:0:0:2183:Environment@100] - Server environment:user.name=chengzhenyu
2018-12-11 20:39:27,344 [myid:3] - INFO  [QuorumPeer[myid=3]/0:0:0:0:0:0:0:0:2183:Environment@100] - Server environment:user.home=/Users/chengzhenyu
2018-12-11 20:39:27,344 [myid:3] - INFO  [QuorumPeer[myid=3]/0:0:0:0:0:0:0:0:2183:Environment@100] - Server environment:user.dir=/Users/chengzhenyu/Working/ZK/zookeeper3
2018-12-11 20:39:27,345 [myid:3] - INFO  [QuorumPeer[myid=3]/0:0:0:0:0:0:0:0:2183:ZooKeeperServer@174] - Created server with tickTime 2000 minSessionTimeout 4000 maxSessionTimeout 40000 datadir /Users/chengzhenyu/Working/ZK/zookeeper3/logs/version-2 snapdir /Users/chengzhenyu/Working/ZK/zookeeper3/data/version-2
2018-12-11 20:39:27,346 [myid:3] - INFO  [QuorumPeer[myid=3]/0:0:0:0:0:0:0:0:2183:Follower@65] - FOLLOWING - LEADER ELECTION TOOK - 19
2018-12-11 20:39:27,347 [myid:3] - INFO  [QuorumPeer[myid=3]/0:0:0:0:0:0:0:0:2183:QuorumPeer$QuorumServer@184] - Resolved hostname: 127.0.0.1 to address: /127.0.0.1
2018-12-11 20:39:27,359 [myid:3] - INFO  [QuorumPeer[myid=3]/0:0:0:0:0:0:0:0:2183:Learner@336] - Getting a snapshot from leader 0x600000000
2018-12-11 20:39:27,362 [myid:3] - INFO  [QuorumPeer[myid=3]/0:0:0:0:0:0:0:0:2183:FileTxnSnapLog@301] - Snapshotting: 0x600000000 to /Users/chengzhenyu/Working/ZK/zookeeper3/data/version-2/snapshot.600000000
2018-12-11 20:39:37,156 [myid:3] - WARN  [QuorumPeer[myid=3]/0:0:0:0:0:0:0:0:2183:Follower@90] - Exception when following the leader
java.io.EOFException
	at java.base/java.io.DataInputStream.readInt(DataInputStream.java:397)
	at org.apache.jute.BinaryInputArchive.readInt(BinaryInputArchive.java:63)
	at org.apache.zookeeper.server.quorum.QuorumPacket.deserialize(QuorumPacket.java:85)
	at org.apache.jute.BinaryInputArchive.readRecord(BinaryInputArchive.java:99)
	at org.apache.zookeeper.server.quorum.Learner.readPacket(Learner.java:153)
	at org.apache.zookeeper.server.quorum.Follower.followLeader(Follower.java:86)
	at org.apache.zookeeper.server.quorum.QuorumPeer.run(QuorumPeer.java:981)
2018-12-11 20:39:37,156 [myid:3] - WARN  [RecvWorker:1:QuorumCnxManager$RecvWorker@1025] - Connection broken for id 1, my id = 3, error = 
java.io.EOFException
	at java.base/java.io.DataInputStream.readInt(DataInputStream.java:397)
	at org.apache.zookeeper.server.quorum.QuorumCnxManager$RecvWorker.run(QuorumCnxManager.java:1010)
2018-12-11 20:39:37,159 [myid:3] - WARN  [RecvWorker:1:QuorumCnxManager$RecvWorker@1028] - Interrupting SendWorker
2018-12-11 20:39:37,159 [myid:3] - INFO  [QuorumPeer[myid=3]/0:0:0:0:0:0:0:0:2183:Follower@169] - shutdown called
java.lang.Exception: shutdown Follower
	at org.apache.zookeeper.server.quorum.Follower.shutdown(Follower.java:169)
	at org.apache.zookeeper.server.quorum.QuorumPeer.run(QuorumPeer.java:985)
2018-12-11 20:39:37,159 [myid:3] - WARN  [SendWorker:1:QuorumCnxManager$SendWorker@941] - Interrupted while waiting for message on queue
java.lang.InterruptedException
	at java.base/java.util.concurrent.locks.AbstractQueuedSynchronizer$ConditionObject.reportInterruptAfterWait(AbstractQueuedSynchronizer.java:2050)
	at java.base/java.util.concurrent.locks.AbstractQueuedSynchronizer$ConditionObject.awaitNanos(AbstractQueuedSynchronizer.java:2127)
	at java.base/java.util.concurrent.ArrayBlockingQueue.poll(ArrayBlockingQueue.java:432)
	at org.apache.zookeeper.server.quorum.QuorumCnxManager.pollSendQueue(QuorumCnxManager.java:1094)
	at org.apache.zookeeper.server.quorum.QuorumCnxManager.access$700(QuorumCnxManager.java:74)
	at org.apache.zookeeper.server.quorum.QuorumCnxManager$SendWorker.run(QuorumCnxManager.java:929)
2018-12-11 20:39:37,160 [myid:3] - INFO  [QuorumPeer[myid=3]/0:0:0:0:0:0:0:0:2183:FollowerZooKeeperServer@140] - Shutting down
2018-12-11 20:39:37,160 [myid:3] - WARN  [SendWorker:1:QuorumCnxManager$SendWorker@951] - Send worker leaving thread
2018-12-11 20:39:37,160 [myid:3] - INFO  [QuorumPeer[myid=3]/0:0:0:0:0:0:0:0:2183:ZooKeeperServer@502] - shutting down
2018-12-11 20:39:37,161 [myid:3] - INFO  [QuorumPeer[myid=3]/0:0:0:0:0:0:0:0:2183:FollowerRequestProcessor@107] - Shutting down
2018-12-11 20:39:37,161 [myid:3] - INFO  [QuorumPeer[myid=3]/0:0:0:0:0:0:0:0:2183:CommitProcessor@184] - Shutting down
2018-12-11 20:39:37,161 [myid:3] - INFO  [FollowerRequestProcessor:3:FollowerRequestProcessor@97] - FollowerRequestProcessor exited loop!
2018-12-11 20:39:37,161 [myid:3] - INFO  [CommitProcessor:3:CommitProcessor@153] - CommitProcessor exited loop!
2018-12-11 20:39:37,161 [myid:3] - INFO  [QuorumPeer[myid=3]/0:0:0:0:0:0:0:0:2183:FinalRequestProcessor@403] - shutdown of request processor complete
2018-12-11 20:39:37,162 [myid:3] - INFO  [WorkerReceiver[myid=3]:FastLeaderElection@595] - Notification: 1 (message format version), 2 (n.leader), 0x100000000 (n.zxid), 0x2 (n.round), LOOKING (n.state), 2 (n.sid), 0x6 (n.peerEpoch) FOLLOWING (my state)
2018-12-11 20:39:37,162 [myid:3] - INFO  [QuorumPeer[myid=3]/0:0:0:0:0:0:0:0:2183:SyncRequestProcessor@208] - Shutting down
2018-12-11 20:39:37,162 [myid:3] - INFO  [SyncThread:3:SyncRequestProcessor@186] - SyncRequestProcessor exited!
2018-12-11 20:39:37,163 [myid:3] - INFO  [QuorumPeer[myid=3]/0:0:0:0:0:0:0:0:2183:QuorumPeer@909] - LOOKING
2018-12-11 20:39:37,163 [myid:3] - INFO  [QuorumPeer[myid=3]/0:0:0:0:0:0:0:0:2183:FastLeaderElection@813] - New election. My id =  3, proposed zxid=0x600000000
2018-12-11 20:39:37,164 [myid:3] - WARN  [WorkerSender[myid=3]:QuorumCnxManager@584] - Cannot open channel to 1 at election address /127.0.0.1:2225
java.net.ConnectException: Connection refused (Connection refused)
	at java.base/java.net.PlainSocketImpl.socketConnect(Native Method)
	at java.base/java.net.AbstractPlainSocketImpl.doConnect(AbstractPlainSocketImpl.java:400)
	at java.base/java.net.AbstractPlainSocketImpl.connectToAddress(AbstractPlainSocketImpl.java:243)
	at java.base/java.net.AbstractPlainSocketImpl.connect(AbstractPlainSocketImpl.java:225)
	at java.base/java.net.SocksSocketImpl.connect(SocksSocketImpl.java:402)
	at java.base/java.net.Socket.connect(Socket.java:591)
	at org.apache.zookeeper.server.quorum.QuorumCnxManager.connectOne(QuorumCnxManager.java:558)
	at org.apache.zookeeper.server.quorum.QuorumCnxManager.toSend(QuorumCnxManager.java:534)
	at org.apache.zookeeper.server.quorum.FastLeaderElection$Messenger$WorkerSender.process(FastLeaderElection.java:454)
	at org.apache.zookeeper.server.quorum.FastLeaderElection$Messenger$WorkerSender.run(FastLeaderElection.java:435)
	at java.base/java.lang.Thread.run(Thread.java:844)
2018-12-11 20:39:37,164 [myid:3] - INFO  [WorkerSender[myid=3]:QuorumPeer$QuorumServer@184] - Resolved hostname: 127.0.0.1 to address: /127.0.0.1
2018-12-11 20:39:37,164 [myid:3] - INFO  [WorkerReceiver[myid=3]:FastLeaderElection@595] - Notification: 1 (message format version), 3 (n.leader), 0x600000000 (n.zxid), 0x2 (n.round), LOOKING (n.state), 3 (n.sid), 0x6 (n.peerEpoch) LOOKING (my state)
2018-12-11 20:39:37,166 [myid:3] - INFO  [WorkerReceiver[myid=3]:FastLeaderElection@595] - Notification: 1 (message format version), 3 (n.leader), 0x600000000 (n.zxid), 0x2 (n.round), LOOKING (n.state), 2 (n.sid), 0x6 (n.peerEpoch) LOOKING (my state)
2018-12-11 20:39:37,186 [myid:3] - WARN  [RecvWorker:2:QuorumCnxManager$RecvWorker@1025] - Connection broken for id 2, my id = 3, error = 
java.io.EOFException
	at java.base/java.io.DataInputStream.readInt(DataInputStream.java:397)
	at org.apache.zookeeper.server.quorum.QuorumCnxManager$RecvWorker.run(QuorumCnxManager.java:1010)
2018-12-11 20:39:37,187 [myid:3] - WARN  [RecvWorker:2:QuorumCnxManager$RecvWorker@1028] - Interrupting SendWorker
2018-12-11 20:39:37,187 [myid:3] - WARN  [SendWorker:2:QuorumCnxManager$SendWorker@941] - Interrupted while waiting for message on queue
java.lang.InterruptedException
	at java.base/java.util.concurrent.locks.AbstractQueuedSynchronizer$ConditionObject.reportInterruptAfterWait(AbstractQueuedSynchronizer.java:2050)
	at java.base/java.util.concurrent.locks.AbstractQueuedSynchronizer$ConditionObject.awaitNanos(AbstractQueuedSynchronizer.java:2127)
	at java.base/java.util.concurrent.ArrayBlockingQueue.poll(ArrayBlockingQueue.java:432)
	at org.apache.zookeeper.server.quorum.QuorumCnxManager.pollSendQueue(QuorumCnxManager.java:1094)
	at org.apache.zookeeper.server.quorum.QuorumCnxManager.access$700(QuorumCnxManager.java:74)
	at org.apache.zookeeper.server.quorum.QuorumCnxManager$SendWorker.run(QuorumCnxManager.java:929)
2018-12-11 20:39:37,187 [myid:3] - WARN  [SendWorker:2:QuorumCnxManager$SendWorker@951] - Send worker leaving thread
